<?xml version="1.0" encoding="UTF-8"?>
<!-- Generated by org.testng.reporters.JUnitReportReporter -->
<testsuite hostname="DESKTOP-FFSC7GE" failures="0" tests="3" name="SeleniumGrid.AmazonParallelTest" time="126.621" errors="0" timestamp="2024-07-24T00:53:18 IST" skipped="0">
  <testcase classname="SeleniumGrid.AmazonParallelTest" name="crossBrowserTest" time="42.481"/>
  <system-out/>
  <testcase classname="SeleniumGrid.AmazonParallelTest" name="crossBrowserTest" time="38.041"/>
  <system-out/>
  <testcase classname="SeleniumGrid.AmazonParallelTest" name="crossBrowserTest" time="46.099"/>
  <system-out/>
</testsuite> <!-- SeleniumGrid.AmazonParallelTest -->
