<?xml version="1.0" encoding="UTF-8"?>
<!-- Generated by org.testng.reporters.JUnitReportReporter -->
<testsuite hostname="DESKTOP-FFSC7GE" failures="0" tests="3" name="SeleniumGrid.AmazonParallelTest" time="100.113" errors="0" timestamp="2024-07-22T16:10:37 IST" skipped="0">
  <testcase classname="SeleniumGrid.AmazonParallelTest" name="crossBrowserTest" time="34.228"/>
  <system-out/>
  <testcase classname="SeleniumGrid.AmazonParallelTest" name="crossBrowserTest" time="30.595"/>
  <system-out/>
  <testcase classname="SeleniumGrid.AmazonParallelTest" name="crossBrowserTest" time="35.290"/>
  <system-out/>
</testsuite> <!-- SeleniumGrid.AmazonParallelTest -->
